[    0.000000] Linux version 4.15.0-72-generic (buildd@lcy01-amd64-026) (gcc version 7.4.0 (Ubuntu 7.4.0-1ubuntu1~18.04.1)) #81-Ubuntu SMP Tue Nov 26 12:20:02 UTC 2019 (Ubuntu 4.15.0-72.81-generic 4.15.18)
[    0.000000] Command line: BOOT_IMAGE=/boot/vmlinuz-4.15.0-72-generic root=LABEL=cloudimg-rootfs ro console=tty1 console=ttyS0
[    0.000000] KERNEL supported cpus:
[    0.000000]   Intel GenuineIntel
[    0.000000]   AMD AuthenticAMD
[    0.000000]   Centaur CentaurHauls
[    0.000000] x86/fpu: Supporting XSAVE feature 0x001: 'x87 floating point registers'
[    0.000000] x86/fpu: Supporting XSAVE feature 0x002: 'SSE registers'
[    0.000000] x86/fpu: Supporting XSAVE feature 0x004: 'AVX registers'
[    0.000000] x86/fpu: xstate_offset[2]:  576, xstate_sizes[2]:  256
[    0.000000] x86/fpu: Enabled xstate features 0x7, context size is 832 bytes, using 'standard' format.
[    0.000000] e820: BIOS-provided physical RAM map:
[    0.000000] BIOS-e820: [mem 0x0000000000000000-0x000000000009fbff] usable
[    0.000000] BIOS-e820: [mem 0x000000000009fc00-0x000000000009ffff] reserved
[    0.000000] BIOS-e820: [mem 0x00000000000f0000-0x00000000000fffff] reserved
[    0.000000] BIOS-e820: [mem 0x0000000000100000-0x000000003ffeffff] usable
[    0.000000] BIOS-e820: [mem 0x000000003fff0000-0x000000003fffffff] ACPI data
[    0.000000] BIOS-e820: [mem 0x00000000fec00000-0x00000000fec00fff] reserved
[    0.000000] BIOS-e820: [mem 0x00000000fee00000-0x00000000fee00fff] reserved
[    0.000000] BIOS-e820: [mem 0x00000000fffc0000-0x00000000ffffffff] reserved
[    0.000000] NX (Execute Disable) protection: active
[    0.000000] SMBIOS 2.5 present.
[    0.000000] DMI: innotek GmbH VirtualBox/VirtualBox, BIOS VirtualBox 12/01/2006
[    0.000000] Hypervisor detected: KVM
[    0.000000] e820: last_pfn = 0x3fff0 max_arch_pfn = 0x400000000
[    0.000000] MTRR: Disabled
[    0.000000] x86/PAT: MTRRs disabled, skipping PAT initialization too.
[    0.000000] CPU MTRRs all blank - virtualized system.
[    0.000000] x86/PAT: Configuration [0-7]: WB  WT  UC- UC  WB  WT  UC- UC  
[    0.000000] found SMP MP-table at [mem 0x0009fff0-0x0009ffff]
[    0.000000] Scanning 1 areas for low memory corruption
[    0.000000] RAMDISK: [mem 0x35a6d000-0x36d2dfff]
[    0.000000] ACPI: Early table checksum verification disabled
[    0.000000] ACPI: RSDP 0x00000000000E0000 000024 (v02 VBOX  )
[    0.000000] ACPI: XSDT 0x000000003FFF0030 00003C (v01 VBOX   VBOXXSDT 00000001 ASL  00000061)
[    0.000000] ACPI: FACP 0x000000003FFF00F0 0000F4 (v04 VBOX   VBOXFACP 00000001 ASL  00000061)
[    0.000000] ACPI: DSDT 0x000000003FFF0470 0022EA (v02 VBOX   VBOXBIOS 00000002 INTL 20181213)
[    0.000000] ACPI: FACS 0x000000003FFF0200 000040
[    0.000000] ACPI: FACS 0x000000003FFF0200 000040
[    0.000000] ACPI: APIC 0x000000003FFF0240 00005C (v02 VBOX   VBOXAPIC 00000001 ASL  00000061)
[    0.000000] ACPI: SSDT 0x000000003FFF02A0 0001CC (v01 VBOX   VBOXCPUT 00000002 INTL 20181213)
[    0.000000] No NUMA configuration found
[    0.000000] Faking a node at [mem 0x0000000000000000-0x000000003ffeffff]
[    0.000000] NODE_DATA(0) allocated [mem 0x3ffc5000-0x3ffeffff]
[    0.000000] kvm-clock: cpu 0, msr 0:3ff44001, primary cpu clock
[    0.000000] kvm-clock: Using msrs 4b564d01 and 4b564d00
[    0.000000] kvm-clock: using sched offset of 3559170408 cycles
[    0.000000] clocksource: kvm-clock: mask: 0xffffffffffffffff max_cycles: 0x1cd42e4dffb, max_idle_ns: 881590591483 ns
[    0.000000] Zone ranges:
[    0.000000]   DMA      [mem 0x0000000000001000-0x0000000000ffffff]
[    0.000000]   DMA32    [mem 0x0000000001000000-0x000000003ffeffff]
[    0.000000]   Normal   empty
[    0.000000]   Device   empty
[    0.000000] Movable zone start for each node
[    0.000000] Early memory node ranges
[    0.000000]   node   0: [mem 0x0000000000001000-0x000000000009efff]
[    0.000000]   node   0: [mem 0x0000000000100000-0x000000003ffeffff]
[    0.000000] Reserved but unavailable: 98 pages
[    0.000000] Initmem setup node 0 [mem 0x0000000000001000-0x000000003ffeffff]
[    0.000000] ACPI: PM-Timer IO Port: 0x4008
[    0.000000] IOAPIC[0]: apic_id 2, version 32, address 0xfec00000, GSI 0-23
[    0.000000] ACPI: INT_SRC_OVR (bus 0 bus_irq 0 global_irq 2 dfl dfl)
[    0.000000] ACPI: INT_SRC_OVR (bus 0 bus_irq 9 global_irq 9 low level)
[    0.000000] Using ACPI (MADT) for SMP configuration information
[    0.000000] smpboot: Allowing 2 CPUs, 0 hotplug CPUs
[    0.000000] PM: Registered nosave memory: [mem 0x00000000-0x00000fff]
[    0.000000] PM: Registered nosave memory: [mem 0x0009f000-0x0009ffff]
[    0.000000] PM: Registered nosave memory: [mem 0x000a0000-0x000effff]
[    0.000000] PM: Registered nosave memory: [mem 0x000f0000-0x000fffff]
[    0.000000] e820: [mem 0x40000000-0xfebfffff] available for PCI devices
[    0.000000] Booting paravirtualized kernel on KVM
[    0.000000] clocksource: refined-jiffies: mask: 0xffffffff max_cycles: 0xffffffff, max_idle_ns: 7645519600211568 ns
[    0.000000] random: get_random_bytes called from start_kernel+0x99/0x4fd with crng_init=0
[    0.000000] setup_percpu: NR_CPUS:8192 nr_cpumask_bits:2 nr_cpu_ids:2 nr_node_ids:1
[    0.000000] percpu: Embedded 45 pages/cpu s147456 r8192 d28672 u1048576
[    0.000000] PV qspinlock hash table entries: 256 (order: 0, 4096 bytes)
[    0.000000] Built 1 zonelists, mobility grouping on.  Total pages: 257913
[    0.000000] Policy zone: DMA32
[    0.000000] Kernel command line: BOOT_IMAGE=/boot/vmlinuz-4.15.0-72-generic root=LABEL=cloudimg-rootfs ro console=tty1 console=ttyS0
[    0.000000] Memory: 983392K/1048120K available (12300K kernel code, 2481K rwdata, 4264K rodata, 2428K init, 2388K bss, 64728K reserved, 0K cma-reserved)
[    0.000000] SLUB: HWalign=64, Order=0-3, MinObjects=0, CPUs=2, Nodes=1
[    0.000000] Kernel/User page tables isolation: enabled
[    0.000000] ftrace: allocating 39318 entries in 154 pages
[    0.004000] Hierarchical RCU implementation.
[    0.004000] 	RCU restricting CPUs from NR_CPUS=8192 to nr_cpu_ids=2.
[    0.004000] 	Tasks RCU enabled.
[    0.004000] RCU: Adjusting geometry for rcu_fanout_leaf=16, nr_cpu_ids=2
[    0.004000] NR_IRQS: 524544, nr_irqs: 440, preallocated irqs: 16
[    0.004000] Console: colour VGA+ 80x25
[    0.004000] console [tty1] enabled
[    0.004000] console [ttyS0] enabled
[    0.004000] ACPI: Core revision 20170831
[    0.004000] ACPI: 2 ACPI AML tables successfully acquired and loaded
[    0.004000] APIC: Switch to symmetric I/O mode setup
[    0.004000] x2apic enabled
[    0.004000] Switched APIC routing to physical x2apic.
[    0.004000] ..TIMER: vector=0x30 apic1=0 pin1=2 apic2=-1 pin2=-1
[    0.004006] tsc: Detected 2294.792 MHz processor
[    0.005089] Calibrating delay loop (skipped) preset value.. 4589.58 BogoMIPS (lpj=9179168)
[    0.008003] pid_max: default: 32768 minimum: 301
[    0.009151] Security Framework initialized
[    0.010137] Yama: becoming mindful.
[    0.012027] AppArmor: AppArmor initialized
[    0.013731] Dentry cache hash table entries: 131072 (order: 8, 1048576 bytes)
[    0.015583] Inode-cache hash table entries: 65536 (order: 7, 524288 bytes)
[    0.016020] Mount-cache hash table entries: 2048 (order: 2, 16384 bytes)
[    0.017555] Mountpoint-cache hash table entries: 2048 (order: 2, 16384 bytes)
[    0.020291] Last level iTLB entries: 4KB 512, 2MB 8, 4MB 8
[    0.021596] Last level dTLB entries: 4KB 512, 2MB 32, 4MB 32, 1GB 0
[    0.024004] Spectre V1 : Mitigation: usercopy/swapgs barriers and __user pointer sanitization
[    0.026011] Spectre V2 : Mitigation: Full generic retpoline
[    0.027297] Spectre V2 : Spectre v2 / SpectreRSB mitigation: Filling RSB on context switch
[    0.028003] Speculative Store Bypass: Vulnerable
[    0.029154] MDS: Vulnerable: Clear CPU buffers attempted, no microcode
[    0.032187] Freeing SMP alternatives memory: 36K
[    0.143317] smpboot: CPU0: Intel(R) Core(TM) i5-3427U CPU @ 1.80GHz (family: 0x6, model: 0x3a, stepping: 0x9)
[    0.144000] Performance Events: unsupported p6 CPU model 58 no PMU driver, software events only.
[    0.144060] Hierarchical SRCU implementation.
[    0.145752] NMI watchdog: Perf event create on CPU 0 failed with -2
[    0.147193] NMI watchdog: Perf NMI watchdog permanently disabled
[    0.148062] smp: Bringing up secondary CPUs ...
[    0.149283] x86: Booting SMP configuration:
[    0.150284] .... node  #0, CPUs:      #1
[    0.004000] kvm-clock: cpu 1, msr 0:3ff44041, secondary cpu clock
[    0.155196] smp: Brought up 1 node, 2 CPUs
[    0.156006] smpboot: Max logical packages: 1
[    0.157161] smpboot: Total of 2 processors activated (9179.16 BogoMIPS)
[    0.158845] devtmpfs: initialized
[    0.160067] x86/mm: Memory block size: 128MB
[    0.161352] evm: security.selinux
[    0.162237] evm: security.SMACK64
[    0.163112] evm: security.SMACK64EXEC
[    0.164004] evm: security.SMACK64TRANSMUTE
[    0.165009] evm: security.SMACK64MMAP
[    0.165891] evm: security.apparmor
[    0.166738] evm: security.ima
[    0.168003] evm: security.capability
[    0.168952] clocksource: jiffies: mask: 0xffffffff max_cycles: 0xffffffff, max_idle_ns: 7645041785100000 ns
[    0.170278] futex hash table entries: 512 (order: 3, 32768 bytes)
[    0.172611] pinctrl core: initialized pinctrl subsystem
[    0.174103] RTC time: 19:59:17, date: 12/27/19
[    0.176289] NET: Registered protocol family 16
[    0.177538] audit: initializing netlink subsys (disabled)
[    0.178870] audit: type=2000 audit(1577476763.185:1): state=initialized audit_enabled=0 res=1
[    0.180015] cpuidle: using governor ladder
[    0.181079] cpuidle: using governor menu
[    0.184046] ACPI: bus type PCI registered
[    0.185082] acpiphp: ACPI Hot Plug PCI Controller Driver version: 0.5
[    0.186717] PCI: Using configuration type 1 for base access
[    0.189181] HugeTLB registered 2.00 MiB page size, pre-allocated 0 pages
[    0.192022] ACPI: Added _OSI(Module Device)
[    0.193108] ACPI: Added _OSI(Processor Device)
[    0.194268] ACPI: Added _OSI(3.0 _SCP Extensions)
[    0.195478] ACPI: Added _OSI(Processor Aggregator Device)
[    0.196004] ACPI: Added _OSI(Linux-Dell-Video)
[    0.197199] ACPI: Added _OSI(Linux-Lenovo-NV-HDMI-Audio)
[    0.198430] ACPI: Added _OSI(Linux-HPI-Hybrid-Graphics)
[    0.200325] ACPI: Executed 1 blocks of module-level executable AML code
[    0.206333] ACPI: Interpreter enabled
[    0.207254] ACPI: (supports S0 S5)
[    0.208862] ACPI: Using IOAPIC for interrupt routing
[    0.210331] PCI: Using host bridge windows from ACPI; if necessary, use "pci=nocrs" and report a bug
[    0.212182] ACPI: Enabled 2 GPEs in block 00 to 07
[    0.220944] ACPI: PCI Root Bridge [PCI0] (domain 0000 [bus 00-ff])
[    0.222416] acpi PNP0A03:00: _OSC: OS supports [ASPM ClockPM Segments MSI]
[    0.224601] acpi PNP0A03:00: _OSC: not requesting OS control; OS requires [ExtendedConfig ASPM ClockPM MSI]
[    0.226884] acpi PNP0A03:00: fail to add MMCONFIG information, can't access extended PCI configuration space under this bridge.
[    0.228414] PCI host bridge to bus 0000:00
[    0.229413] pci_bus 0000:00: root bus resource [io  0x0000-0x0cf7 window]
[    0.232004] pci_bus 0000:00: root bus resource [io  0x0d00-0xffff window]
[    0.233572] pci_bus 0000:00: root bus resource [mem 0x000a0000-0x000bffff window]
[    0.235349] pci_bus 0000:00: root bus resource [mem 0x40000000-0xfdffffff window]
[    0.236004] pci_bus 0000:00: root bus resource [bus 00-ff]
[    0.241083] pci 0000:00:01.1: legacy IDE quirk: reg 0x10: [io  0x01f0-0x01f7]
[    0.242715] pci 0000:00:01.1: legacy IDE quirk: reg 0x14: [io  0x03f6]
[    0.244004] pci 0000:00:01.1: legacy IDE quirk: reg 0x18: [io  0x0170-0x0177]
[    0.245607] pci 0000:00:01.1: legacy IDE quirk: reg 0x1c: [io  0x0376]
[    0.271382] pci 0000:00:07.0: quirk: [io  0x4000-0x403f] claimed by PIIX4 ACPI
[    0.272021] pci 0000:00:07.0: quirk: [io  0x4100-0x410f] claimed by PIIX4 SMB
[    0.287389] ACPI: PCI Interrupt Link [LNKA] (IRQs 5 9 10 *11)
[    0.288378] ACPI: PCI Interrupt Link [LNKB] (IRQs 5 9 *10 11)
[    0.289888] ACPI: PCI Interrupt Link [LNKC] (IRQs 5 *9 10 11)
[    0.292138] ACPI: PCI Interrupt Link [LNKD] (IRQs 5 9 10 *11)
[    0.294005] SCSI subsystem initialized
[    0.295016] pci 0000:00:02.0: vgaarb: setting as boot VGA device
[    0.295016] pci 0000:00:02.0: vgaarb: VGA device added: decodes=io+mem,owns=io+mem,locks=none
[    0.296024] pci 0000:00:02.0: vgaarb: bridge control possible
[    0.300003] vgaarb: loaded
[    0.300717] ACPI: bus type USB registered
[    0.301724] usbcore: registered new interface driver usbfs
[    0.304016] usbcore: registered new interface driver hub
[    0.305282] usbcore: registered new device driver usb
[    0.306585] EDAC MC: Ver: 3.0.0
[    0.308011] PCI: Using ACPI for IRQ routing
[    0.309349] NetLabel: Initializing
[    0.310192] NetLabel:  domain hash size = 128
[    0.311290] NetLabel:  protocols = UNLABELED CIPSOv4 CALIPSO
[    0.312020] NetLabel:  unlabeled traffic allowed by default
[    0.313341] clocksource: Switched to clocksource kvm-clock
[    0.326265] VFS: Disk quotas dquot_6.6.0
[    0.327153] VFS: Dquot-cache hash table entries: 512 (order 0, 4096 bytes)
[    0.328636] AppArmor: AppArmor Filesystem Enabled
[    0.329592] pnp: PnP ACPI init
[    0.331468] pnp: PnP ACPI: found 3 devices
[    0.343718] clocksource: acpi_pm: mask: 0xffffff max_cycles: 0xffffff, max_idle_ns: 2085701024 ns
[    0.345555] NET: Registered protocol family 2
[    0.346647] TCP established hash table entries: 8192 (order: 4, 65536 bytes)
[    0.347957] TCP bind hash table entries: 8192 (order: 5, 131072 bytes)
[    0.349754] TCP: Hash tables configured (established 8192 bind 8192)
[    0.351001] UDP hash table entries: 512 (order: 2, 16384 bytes)
[    0.352163] UDP-Lite hash table entries: 512 (order: 2, 16384 bytes)
[    0.353436] NET: Registered protocol family 1
[    0.354290] pci 0000:00:00.0: Limiting direct PCI/PCI transfers
[    0.355405] pci 0000:00:01.0: Activating ISA DMA hang workarounds
[    0.356618] pci 0000:00:02.0: Video device with shadowed ROM at [mem 0x000c0000-0x000dffff]
[    0.358278] Unpacking initramfs...
[    0.653359] Freeing initrd memory: 19204K
[    0.654318] clocksource: tsc: mask: 0xffffffffffffffff max_cycles: 0x2113fd805f3, max_idle_ns: 440795270480 ns
[    0.656305] platform rtc_cmos: registered platform RTC device (no PNP device found)
[    0.658142] Scanning for low memory corruption every 60 seconds
[    0.660474] Initialise system trusted keyrings
[    0.661617] Key type blacklist registered
[    0.662848] workingset: timestamp_bits=36 max_order=18 bucket_order=0
[    0.665561] zbud: loaded
[    0.666881] squashfs: version 4.0 (2009/01/31) Phillip Lougher
[    0.668585] fuse init (API version 7.26)
[    0.672714] Key type asymmetric registered
[    0.673762] Asymmetric key parser 'x509' registered
[    0.675016] Block layer SCSI generic (bsg) driver version 0.4 loaded (major 246)
[    0.676977] io scheduler noop registered
[    0.677951] io scheduler deadline registered
[    0.678993] io scheduler cfq registered (default)
[    0.680588] ACPI: AC Adapter [AC] (on-line)
[    0.681638] input: Power Button as /devices/LNXSYSTM:00/LNXPWRBN:00/input/input0
[    0.683497] ACPI: Power Button [PWRF]
[    0.684620] input: Sleep Button as /devices/LNXSYSTM:00/LNXSLPBN:00/input/input1
[    0.686341] ACPI: Sleep Button [SLPF]
[    0.688631] ACPI: Battery Slot [BAT0] (battery present)
[    0.690122] Serial: 8250/16550 driver, 32 ports, IRQ sharing enabled
[    0.712485] 00:02: ttyS0 at I/O 0x3f8 (irq = 4, base_baud = 115200) is a 16550A
[    0.718075] Linux agpgart interface v0.103
[    0.721621] loop: module loaded
[    0.723141] scsi host0: ata_piix
[    0.724415] scsi host1: ata_piix
[    0.725314] ata1: PATA max UDMA/33 cmd 0x1f0 ctl 0x3f6 bmdma 0xd000 irq 14
[    0.727000] ata2: PATA max UDMA/33 cmd 0x170 ctl 0x376 bmdma 0xd008 irq 15
[    0.728848] libphy: Fixed MDIO Bus: probed
[    0.729759] tun: Universal TUN/TAP device driver, 1.6
[    0.730897] PPP generic driver version 2.4.2
[    0.731910] ehci_hcd: USB 2.0 'Enhanced' Host Controller (EHCI) Driver
[    0.733196] ehci-pci: EHCI PCI platform driver
[    0.734067] ehci-platform: EHCI generic platform driver
[    0.735055] ohci_hcd: USB 1.1 'Open' Host Controller (OHCI) Driver
[    0.736223] ohci-pci: OHCI PCI platform driver
[    0.737093] ohci-platform: OHCI generic platform driver
[    0.738082] uhci_hcd: USB Universal Host Controller Interface driver
[    0.739310] i8042: PNP: PS/2 Controller [PNP0303:PS2K,PNP0f03:PS2M] at 0x60,0x64 irq 1,12
[    0.741391] serio: i8042 KBD port at 0x60,0x64 irq 1
[    0.742370] serio: i8042 AUX port at 0x60,0x64 irq 12
[    0.743559] mousedev: PS/2 mouse device common for all mice
[    0.745309] input: AT Translated Set 2 keyboard as /devices/platform/i8042/serio0/input/input2
[    0.747097] rtc_cmos rtc_cmos: rtc core: registered rtc_cmos as rtc0
[    0.748390] rtc_cmos rtc_cmos: alarms up to one day, 114 bytes nvram
[    0.749573] i2c /dev entries driver
[    0.750334] device-mapper: uevent: version 1.0.3
[    0.751338] device-mapper: ioctl: 4.37.0-ioctl (2017-09-20) initialised: dm-devel@redhat.com
[    0.753041] ledtrig-cpu: registered to indicate activity on CPUs
[    0.754594] NET: Registered protocol family 10
[    0.763154] Segment Routing with IPv6
[    0.763939] NET: Registered protocol family 17
[    0.765026] Key type dns_resolver registered
[    0.766213] mce: Using 0 MCE banks
[    0.766931] RAS: Correctable Errors collector initialized.
[    0.767975] sched_clock: Marking stable (766162005, 0)->(938913674, -172751669)
[    0.769969] registered taskstats version 1
[    0.770781] Loading compiled-in X.509 certificates
[    0.774878] Loaded X.509 cert 'Build time autogenerated kernel key: f4f7241365689b0cbe3898188e65e316fd8f978d'
[    0.776826] zswap: loaded using pool lzo/zbud
[    0.782013] Key type big_key registered
[    0.782794] Key type trusted registered
[    0.786022] Key type encrypted registered
[    0.786836] AppArmor: AppArmor sha1 policy hashing enabled
[    0.787869] ima: No TPM chip found, activating TPM-bypass! (rc=-19)
[    0.789103] ima: Allocated hash algorithm: sha1
[    0.789997] evm: HMAC attrs: 0x1
[    0.790963]   Magic number: 15:525:1002
[    0.791835] rtc_cmos rtc_cmos: setting system clock to 2019-12-27 19:59:18 UTC (1577476758)
[    0.793648] BIOS EDD facility v0.16 2004-Jun-25, 0 devices found
[    0.794767] EDD information not available.
[    0.893100] Freeing unused kernel image memory: 2428K
[    0.904061] Write protecting the kernel read-only data: 20480k
[    0.907163] Freeing unused kernel image memory: 2008K
[    0.909220] Freeing unused kernel image memory: 1880K
[    0.924092] x86/mm: Checked W+X mappings: passed, no W+X pages found.
[    0.925968] x86/mm: Checking user space page tables
[    0.937827] x86/mm: Checked W+X mappings: passed, no W+X pages found.
Loading, please wait...
starting version 237
[    1.035666] e1000: Intel(R) PRO/1000 Network Driver - version 7.3.21-k8-NAPI
[    1.037233] e1000: Copyright (c) 1999-2006 Intel Corporation.
[    1.058674] Fusion MPT base driver 3.04.20
[    1.059604] Copyright (c) 1999-2008 LSI Corporation
[    1.074850] Fusion MPT SPI Host driver 3.04.20
[    1.079429] AVX version of gcm_enc/dec engaged.
[    1.080747] AES CTR mode by8 optimization enabled
[    1.274971] input: ImExPS/2 Generic Explorer Mouse as /devices/platform/i8042/serio1/input/input4
[    1.463124] e1000 0000:00:03.0 eth0: (PCI:33MHz:32-bit) 02:b7:1f:33:e9:24
[    1.464731] e1000 0000:00:03.0 eth0: Intel(R) PRO/1000 Network Connection
[    1.467110] mptbase: ioc0: Initiating bringup
[    1.561143] ioc0: LSI53C1030 A0: Capabilities={Initiator}
[    1.816607] scsi host2: ioc0: LSI53C1030 A0, FwRev=00000000h, Ports=1, MaxQ=256, IRQ=20
[    1.989425] scsi 2:0:0:0: Direct-Access     VBOX     HARDDISK         1.0  PQ: 0 ANSI: 5
[    2.036539] scsi target2:0:0: Beginning Domain Validation
[    2.040916] scsi target2:0:0: Domain Validation skipping write tests
[    2.043480] scsi target2:0:0: Ending Domain Validation
[    2.045744] scsi target2:0:0: asynchronous
[    2.048338] scsi 2:0:1:0: Direct-Access     VBOX     HARDDISK         1.0  PQ: 0 ANSI: 5
[    2.304128] scsi target2:0:1: Beginning Domain Validation
[    2.306494] random: fast init done
[    2.307702] scsi target2:0:1: Domain Validation skipping write tests
[    2.309363] scsi target2:0:1: Ending Domain Validation
[    2.310775] scsi target2:0:1: asynchronous
[    2.316810] random: systemd-udevd: uninitialized urandom read (16 bytes read)
[    2.318685] random: systemd-udevd: uninitialized urandom read (16 bytes read)
[    2.320643] sd 2:0:0:0: Attached scsi generic sg0 type 0
[    2.322093] random: systemd-udevd: uninitialized urandom read (16 bytes read)
[    2.324254] sd 2:0:1:0: Attached scsi generic sg1 type 0
[    2.325934] sd 2:0:1:0: [sdb] 20480 512-byte logical blocks: (10.5 MB/10.0 MiB)
[    2.328706] sd 2:0:1:0: [sdb] Write Protect is off
[    2.330248] sd 2:0:1:0: [sdb] Incomplete mode parameter data
[    2.331742] sd 2:0:1:0: [sdb] Assuming drive cache: write through
[    2.333450] sd 2:0:0:0: [sda] 20971520 512-byte logical blocks: (10.7 GB/10.0 GiB)
[    2.335758] sd 2:0:0:0: [sda] Write Protect is off
[    2.336943] sd 2:0:1:0: [sdb] Attached SCSI disk
[    2.342408] sd 2:0:0:0: [sda] Incomplete mode parameter data
[    2.343465] sd 2:0:0:0: [sda] Assuming drive cache: write through
[    2.349354]  sda: sda1
[    2.351492] sd 2:0:0:0: [sda] Attached SCSI disk
[    2.407640] e1000 0000:00:08.0 eth1: (PCI:33MHz:32-bit) 08:00:27:8b:1a:32
[    2.409319] e1000 0000:00:08.0 eth1: Intel(R) PRO/1000 Network Connection
[    2.412437] e1000 0000:00:03.0 enp0s3: renamed from eth0
[    2.424686] e1000 0000:00:08.0 enp0s8: renamed from eth1
Begin: Loading essential drivers ... [    3.956721] raid6: sse2x1   gen()  8869 MB/s
[    4.006697] raid6: sse2x1   xor()  5994 MB/s
[    4.052010] raid6: sse2x2   gen()  8549 MB/s
[    4.100636] raid6: sse2x2   xor()  6336 MB/s
[    4.154067] raid6: sse2x4   gen() 12480 MB/s
[    4.206742] raid6: sse2x4   xor()  8678 MB/s
[    4.207620] raid6: using algorithm sse2x4 gen() 12480 MB/s
[    4.208717] raid6: .... xor() 8678 MB/s, rmw enabled
[    4.209653] raid6: using ssse3x2 recovery algorithm
[    4.213744] xor: automatically using best checksumming function   avx       
[    4.219474] async_tx: api initialized (async)
done.
Begin: Running /scripts/init-premount ... done.
Begin: Mounting root file system ... Begin: Running /scripts/local-top ... done.
Begin: Running /scripts/local-premount ... [    4.295208] Btrfs loaded, crc32c=crc32c-intel
Scanning for Btrfs filesystems
done.
Warning: fsck not present, so skipping root file system
[    4.342934] EXT4-fs (sda1): INFO: recovery required on readonly filesystem
[    4.344277] EXT4-fs (sda1): write access will be enabled during recovery
[    4.398527] EXT4-fs (sda1): recovery complete
[    4.399754] EXT4-fs (sda1): mounted filesystem with ordered data mode. Opts: (null)
done.
Begin: Running /scripts/local-bottom ... done.
Begin: Running /scripts/init-bottom ... done.
[    4.712733] ip_tables: (C) 2000-2006 Netfilter Core Team
[    4.725389] systemd[1]: systemd 237 running in system mode. (+PAM +AUDIT +SELINUX +IMA +APPARMOR +SMACK +SYSVINIT +UTMP +LIBCRYPTSETUP +GCRYPT +GNUTLS +ACL +XZ +LZ4 +SECCOMP +BLKID +ELFUTILS +KMOD -IDN2 +IDN -PCRE2 default-hierarchy=hybrid)
[    4.729425] systemd[1]: Detected virtualization oracle.
[    4.730423] systemd[1]: Detected architecture x86-64.

Welcome to [1mUbuntu 18.04.3 LTS[0m!

[    4.749306] systemd[1]: Set hostname to <ubuntu-bionic>.
[    5.141311] systemd[1]: Set up automount Arbitrary Executable File Formats File System Automount Point.
[[0;32m  OK  [0m] Set up automount Arbitrary Executab…rmats File System Automount Point.
[    5.145536] systemd[1]: Reached target System Time Synchronized.
[[0;32m  OK  [0m] Reached target System Time Synchronized.
[    5.148209] systemd[1]: Reached target User and Group Name Lookups.
[[0;32m  OK  [0m] Reached target User and Group Name Lookups.
[    5.152918] systemd[1]: Created slice System Slice.
[[0;32m  OK  [0m] Created slice System Slice.
[    5.155217] systemd[1]: Listening on Syslog Socket.
[[0;32m  OK  [0m] Listening on Syslog Socket.
[    5.157239] systemd[1]: Listening on udev Kernel Socket.
[[0;32m  OK  [0m] Listening on udev Kernel Socket.
[[0;32m  OK  [0m] Listening on Journal Socket (/dev/log).
[[0;32m  OK  [0m] Created slice system-serial\x2dgetty.slice.
[[0;32m  OK  [0m] Listening on Journal Socket.
         Starting Uncomplicated firewall...
         Starting Set the console keyboard layout...
         Mounting Kernel Debug File System...
         Mounting Huge Pages File System...
[[0;32m  OK  [0m] Listening on LVM2 poll daemon socket.
[[0;32m  OK  [0m] Created slice User and Session Slice.
[[0;32m  OK  [0m] Reached target Slices.
[[0;32m  OK  [0m] Listening on Network Service Netlink Socket.
         Starting Load Kernel Modules...
[[0;32m  OK  [0m] Listening on /dev/initctl Compatibility Named Pipe.
[[0;32m  OK  [0m] Listening on Device-mapper event daemon FIFOs.
[[0;32m  OK  [0m] Started Forward Password Requests to Wall Directory Watch.
[[0;32m  OK  [0m] Listening on LVM2 metadata daemon socket.
         Starting Monitoring of LVM2 mirrors…ng dmeventd or progress polling...
         Starting Create list of required st…ce nodes for the current kernel...
         Mounting POSIX Message Queue File System...
[[0;32m  OK  [0m] Listening on Journal Audit Socket.
         Starting Journal Service...
[[0;32m  OK  [0m] Reached target Swap.
[[0;32m  OK  [0m] Listening on udev Control Socket.
[    5.236922] Loading iSCSI transport class v2.0-870.
         Starting udev Coldplug all Devices...
         Starting Remount Root and Kernel File Systems...
[[0;32m  OK  [0m] Started Uncomplicated firewall.
[[0;32m  OK  [0m] Mounted Kernel Debug File System.
[[0;32m  OK  [0m] Mounted Huge Pages File System.
[[0;32m  OK  [0m] Mounted POSIX Message Queue File System.
[[0;32m  OK  [0m] Started LVM2 metadata daemon.
[[0;32m  OK  [0m] Started Create list of required sta…vice nodes for the current kernel.
         Starting Create Static Device Nodes in /dev...
[    5.304808] iscsi: registered transport (tcp)
[    5.328052] iscsi: registered transport (iser)
[[0;32m  OK  [0m] Started Load Kernel Modules.
         Mounting FUSE Control File System...
         Mounting Kernel Configuration File System...
         Starting Apply Kernel Variables...
[[0;32m  OK  [0m] Mounted Kernel Configuration File System.
[[0;32m  OK  [0m] Started udev Coldplug all Devices.
[[0;32m  OK  [0m] Mounted FUSE Control File System.
[[0;32m  OK  [0m] Started Journal Service.
[[0;32m  OK  [0m] Started Create Static Device Nodes in /dev.
[[0;32m  OK  [0m] Started Remount Root and Kernel File Systems.
         Starting Load/Save Random Seed...
         Starting Flush Journal to Persistent Storage...
         Starting udev Kernel Device Manager...
[[0;32m  OK  [0m] Started Apply Kernel Variables.
[[0;32m  OK  [0m] Started Set the console keyboard layout.
[[0;32m  OK  [0m] Started Load/Save Random Seed.
[[0;32m  OK  [0m] Started udev Kernel Device Manager.
[[0;32m  OK  [0m] Started Dispatch Password Requests to Console Directory Watch.
[[0;32m  OK  [0m] Reached target Local Encrypted Volumes.
[[0;32m  OK  [0m] Started Monitoring of LVM2 mirrors,…sing dmeventd or progress polling.
[[0;32m  OK  [0m] Reached target Local File Systems (Pre).
[[0;32m  OK  [0m] Reached target Local File Systems.
         Starting Tell Plymouth To Write Out Runtime Data...
         Starting Set console font and keymap...
         Starting ebtables ruleset management...
         Starting AppArmor initialization...
[[0;32m  OK  [0m] Started Tell Plymouth To Write Out Runtime Data.
[[0;32m  OK  [0m] Started Set console font and keymap.
[[0;32m  OK  [0m] Started Flush Journal to Persistent Storage.
         Starting Create Volatile Files and Directories...
[[0;32m  OK  [0m] Started Create Volatile Files and Directories.
         Starting Update UTMP about System Boot/Shutdown...
[[0;32m  OK  [0m] Started Update UTMP about System Boot/Shutdown.
[[0;32m  OK  [0m] Started ebtables ruleset management.
[[0;32m  OK  [0m] Found device /dev/ttyS0.
[[0;32m  OK  [0m] Started AppArmor initialization.
         Starting Initial cloud-init job (pre-networking)...
[[0;32m  OK  [0m] Listening on Load/Save RF Kill Switch Status /dev/rfkill Watch.
[    7.594777] cloud-init[522]: Cloud-init v. 19.3-41-gc4735dd3-0ubuntu1~18.04.1 running 'init-local' at Fri, 27 Dec 2019 19:59:25 +0000. Up 7.30 seconds.
[[0;32m  OK  [0m] Started Initial cloud-init job (pre-networking).
[[0;32m  OK  [0m] Reached target Network (Pre).
         Starting Network Service...
[[0;32m  OK  [0m] Started Network Service.
         Starting Network Name Resolution...
         Starting Wait for Network to be Configured...
[[0;32m  OK  [0m] Started Network Name Resolution.
[[0;32m  OK  [0m] Reached target Host and Network Name Lookups.
[[0;32m  OK  [0m] Reached target Network.
[[0;32m  OK  [0m] Started Wait for Network to be Configured.
         Starting Initial cloud-init job (metadata service crawler)...
[   10.078128] cloud-init[660]: Cloud-init v. 19.3-41-gc4735dd3-0ubuntu1~18.04.1 running 'init' at Fri, 27 Dec 2019 19:59:27 +0000. Up 9.85 seconds.
[   10.080296] cloud-init[660]: ci-info: +++++++++++++++++++++++++++++++++++++++++++++Net device info+++++++++++++++++++++++++++++++++++++++++++++
[   10.082232] cloud-init[660]: ci-info: +--------+------+------------------------------------------+---------------+--------+-------------------+
[   10.084328] cloud-init[660]: ci-info: | Device |  Up  |                 Address                  |      Mask     | Scope  |     Hw-Address    |
[   10.086206] cloud-init[660]: ci-info: +--------+------+------------------------------------------+---------------+--------+-------------------+
[   10.089111] cloud-init[660]: ci-info: | enp0s3 | True |                10.0.2.15                 | 255.255.255.0 | global | 02:b7:1f:33:e9:24 |
[   10.091799] cloud-init[660]: ci-info: | enp0s3 | True |        fe80::b7:1fff:fe33:e924/64        |       .       |  link  | 02:b7:1f:33:e9:24 |
[   10.094691] cloud-init[660]: ci-info: | enp0s8 | True |               192.168.1.99               | 255.255.255.0 | global | 08:00:27:8b:1a:32 |
[   10.098932] cloud-init[660]: ci-info: | enp0s8 | True | 2001:861:3204:15b0:a00:27ff:fe8b:1a32/64 |       .       | global | 08:00:27:8b:1a:32 |
[   10.101854] cloud-init[660]: ci-info: | enp0s8 | True |       fe80::a00:27ff:fe8b:1a32/64        |       .       |  link  | 08:00:27:8b:1a:32 |
[   10.104711] cloud-init[660]: ci-info: |   lo   | True |                127.0.0.1                 |   255.0.0.0   |  host  |         .         |
[   10.107504] cloud-init[660]: ci-info: |   lo   | True |                 ::1/128                  |       .       |  host  |         .         |
[   10.110315] cloud-init[660]: ci-info: +--------+------+------------------------------------------+---------------+--------+-------------------+
[   10.113049] cloud-init[660]: ci-info: ++++++++++++++++++++++++++++Route IPv4 info+++++++++++++++++++++++++++++
[   10.115090] cloud-init[660]: ci-info: +-------+-------------+----------+-----------------+-----------+-------+
[   10.117393] cloud-init[660]: ci-info: | Route | Destination | Gateway  |     Genmask     | Interface | Flags |
[   10.119644] cloud-init[660]: ci-info: +-------+-------------+----------+-----------------+-----------+-------+
[   10.121988] cloud-init[660]: ci-info: |   0   |   0.0.0.0   | 10.0.2.2 |     0.0.0.0     |   enp0s3  |   UG  |
[   10.124306] cloud-init[660]: ci-info: |   1   |   10.0.2.0  | 0.0.0.0  |  255.255.255.0  |   enp0s3  |   U   |
[   10.127477] cloud-init[660]: ci-info: |   2   |   10.0.2.2  | 0.0.0.0  | 255.255.255.255 |   enp0s3  |   UH  |
[   10.129838] cloud-init[660]: ci-info: |   3   | 192.168.1.0 | 0.0.0.0  |  255.255.255.0  |   enp0s8  |   U   |
[   10.132029] cloud-init[660]: ci-info: +-------+-------------+----------+-----------------+-----------+-------+
[   10.134178] cloud-init[660]: ci-info: ++++++++++++++++++++++++++++++++++Route IPv6 info++++++++++++++++++++++++++++++++++
[   10.136493] cloud-init[660]: ci-info: +-------+-------------------------+---------------------------+-----------+-------+
[   10.138924] cloud-init[660]: ci-info: | Route |       Destination       |          Gateway          | Interface | Flags |
[   10.141414] cloud-init[660]: ci-info: +-------+-------------------------+---------------------------+-----------+-------+
[   10.143845] cloud-init[660]: ci-info: |   1   | 2001:861:3204:15b0::/64 |             ::            |   enp0s8  |   U   |
[   10.145788] cloud-init[660]: ci-info: |   2   |        fe80::/64        |             ::            |   enp0s8  |   U   |
[   10.147571] cloud-init[660]: ci-info: |   3   |        fe80::/64        |             ::            |   enp0s3  |   U   |
[   10.149850] cloud-init[660]: ci-info: |   4   |           ::/0          | fe80::b2b2:8fff:feaa:3fbc |   enp0s8  |   UG  |
[   10.151985] cloud-init[660]: ci-info: |   6   |          local          |             ::            |   enp0s3  |   U   |
[   10.154847] cloud-init[660]: ci-info: |   7   |          local          |             ::            |   enp0s8  |   U   |
[   10.157462] cloud-init[660]: ci-info: |   8   |         ff00::/8        |             ::            |   enp0s8  |   U   |
[   10.159970] cloud-init[660]: ci-info: |   9   |         ff00::/8        |             ::            |   enp0s3  |   U   |
[   10.162135] cloud-init[660]: ci-info: +-------+-------------------------+---------------------------+-----------+-------+
[[0;32m  OK  [0m] Started Initial cloud-init job (metadata service crawler).
[[0;32m  OK  [0m] Reached target System Initialization.
[[0;32m  OK  [0m] Started ACPI Events Check.
         Starting LXD - unix socket.
[[0;32m  OK  [0m] Started Discard unused blocks once a week.
[[0;32m  OK  [0m] Started Daily apt download activities.
[[0;32m  OK  [0m] Listening on D-Bus System Message Bus Socket.
         Starting Socket activation for snappy daemon.
[[0;32m  OK  [0m] Reached target Paths.
[[0;32m  OK  [0m] Started Daily Cleanup of Temporary Directories.
[[0;32m  OK  [0m] Listening on UUID daemon activation socket.
         Starting Docker Socket for the API.
[[0;32m  OK  [0m] Started Daily apt upgrade and clean activities.
[[0;32m  OK  [0m] Listening on Open-iSCSI iscsid Socket.
[[0;32m  OK  [0m] Started Message of the Day.
[[0;32m  OK  [0m] Reached target Timers.
[[0;32m  OK  [0m] Listening on ACPID Listen Socket.
[[0;32m  OK  [0m] Reached target Network is Online.
         Starting Availability of block devices...
[[0;32m  OK  [0m] Reached target Remote File Systems (Pre).
[[0;32m  OK  [0m] Reached target Remote File Systems.
[[0;32m  OK  [0m] Reached target Cloud-config availability.
[[0;32m  OK  [0m] Listening on LXD - unix socket.
[[0;32m  OK  [0m] Listening on Socket activation for snappy daemon.
[[0;32m  OK  [0m] Listening on Docker Socket for the API.
[[0;32m  OK  [0m] Started Availability of block devices.
[[0;32m  OK  [0m] Reached target Sockets.
[[0;32m  OK  [0m] Reached target Basic System.
         Starting Virtualbox guest utils...
         Starting Accounts Service...
[[0;32m  OK  [0m] Started Deferred execution scheduler.
         Starting Login Service...
         Starting OpenBSD Secure Shell server...
[[0;32m  OK  [0m] Started irqbalance daemon.
[[0;32m  OK  [0m] Started FUSE filesystem for LXC.
[[0;32m  OK  [0m] Started Regular background program processing daemon.
         Starting Snappy daemon...
         Starting Dispatcher daemon for systemd-networkd...
         Starting LSB: automatic crash report generation...
[[0;32m  OK  [0m] Started D-Bus System Message Bus.
[[0;32m  OK  [0m] Started Login Service.
[[0;32m  OK  [0m] Started Unattended Upgrades Shutdown.
         Starting containerd container runtime...
         Starting Permit User Sessions...
         Starting System Logging Service...
         Starting LSB: Record successful boot for GRUB...
         Starting LXD - container startup/shutdown...
[[0;32m  OK  [0m] Started Permit User Sessions.
         Starting Terminate Plymouth Boot Screen...
         Starting Hold until boot process finishes up...
[[0;32m  OK  [0m] Started OpenBSD Secure Shell server.
[[0;32m  OK  [0m] Started Hold until boot process finishes up.
         Starting Set console scheme...
[[0;32m  OK  [0m] Started Serial Getty on ttyS0.
[[0;32m  OK  [0m] Started System Logging Service.
[[0;32m  OK  [0m] Started containerd container runtime.
[[0;32m  OK  [0m] Started Terminate Plymouth Boot Screen.
         Starting Docker Application Container Engine...
[[0;32m  OK  [0m] Started Set console scheme.
[[0;32m  OK  [0m] Created slice system-getty.slice.
[[0;32m  OK  [0m] Started Getty on tty1.
[[0;32m  OK  [0m] Reached target Login Prompts.
         Starting Authorization Manager...
[[0;32m  OK  [0m] Started LSB: automatic crash report generation.
[[0;32m  OK  [0m] Started LSB: Record successful boot for GRUB.
[[0;32m  OK  [0m] Started Authorization Manager.
[[0;32m  OK  [0m] Started Accounts Service.
[[0;32m  OK  [0m] Started Virtualbox guest utils.
[[0;32m  OK  [0m] Started LXD - container startup/shutdown.
[[0;32m  OK  [0m] Started Dispatcher daemon for systemd-networkd.
[[0;32m  OK  [0m] Created slice User Slice of vagrant.
         Starting User Manager for UID 1000...
[[0;32m  OK  [0m] Started Session 1 of user vagrant.
[[0;32m  OK  [0m] Started User Manager for UID 1000.
[[0;32m  OK  [0m] Started Snappy daemon.
         Starting Wait until snapd is fully seeded...
[[0;32m  OK  [0m] Started Wait until snapd is fully seeded.
         Starting Apply the settings specified in cloud-config...
[   14.126406] cloud-init[1155]: Cloud-init v. 19.3-41-gc4735dd3-0ubuntu1~18.04.1 running 'modules:config' at Fri, 27 Dec 2019 19:59:31 +0000. Up 13.92 seconds.
[[0;32m  OK  [0m] Started Apply the settings specified in cloud-config.
[[0;32m  OK  [0m] Started Docker Application Container Engine.
[[0;32m  OK  [0m] Reached target Multi-User System.
[[0;32m  OK  [0m] Reached target Graphical Interface.
         Starting Update UTMP about System Runlevel Changes...
         Starting Execute cloud user/final scripts...
[[0;32m  OK  [0m] Started Update UTMP about System Runlevel Changes.
[   16.595916] cloud-init[1507]: Cloud-init v. 19.3-41-gc4735dd3-0ubuntu1~18.04.1 running 'modules:final' at Fri, 27 Dec 2019 19:59:34 +0000. Up 16.40 seconds.
[   16.600088] cloud-init[1507]: Cloud-init v. 19.3-41-gc4735dd3-0ubuntu1~18.04.1 finished at Fri, 27 Dec 2019 19:59:34 +0000. Datasource DataSourceNoCloud [seed=/dev/sdb][dsmode=net].  Up 16.58 seconds

Ubuntu 18.04.3 LTS ubuntu-bionic ttyS0

ubuntu-bionic login: [    0.000000] Linux version 4.15.0-72-generic (buildd@lcy01-amd64-026) (gcc version 7.4.0 (Ubuntu 7.4.0-1ubuntu1~18.04.1)) #81-Ubuntu SMP Tue Nov 26 12:20:02 UTC 2019 (Ubuntu 4.15.0-72.81-generic 4.15.18)
[    0.000000] Command line: BOOT_IMAGE=/boot/vmlinuz-4.15.0-72-generic root=LABEL=cloudimg-rootfs ro console=tty1 console=ttyS0
[    0.000000] KERNEL supported cpus:
[    0.000000]   Intel GenuineIntel
[    0.000000]   AMD AuthenticAMD
[    0.000000]   Centaur CentaurHauls
[    0.000000] x86/fpu: Supporting XSAVE feature 0x001: 'x87 floating point registers'
[    0.000000] x86/fpu: Supporting XSAVE feature 0x002: 'SSE registers'
[    0.000000] x86/fpu: Supporting XSAVE feature 0x004: 'AVX registers'
[    0.000000] x86/fpu: xstate_offset[2]:  576, xstate_sizes[2]:  256
[    0.000000] x86/fpu: Enabled xstate features 0x7, context size is 832 bytes, using 'standard' format.
[    0.000000] e820: BIOS-provided physical RAM map:
[    0.000000] BIOS-e820: [mem 0x0000000000000000-0x000000000009fbff] usable
[    0.000000] BIOS-e820: [mem 0x000000000009fc00-0x000000000009ffff] reserved
[    0.000000] BIOS-e820: [mem 0x00000000000f0000-0x00000000000fffff] reserved
[    0.000000] BIOS-e820: [mem 0x0000000000100000-0x000000003ffeffff] usable
[    0.000000] BIOS-e820: [mem 0x000000003fff0000-0x000000003fffffff] ACPI data
[    0.000000] BIOS-e820: [mem 0x00000000fec00000-0x00000000fec00fff] reserved
[    0.000000] BIOS-e820: [mem 0x00000000fee00000-0x00000000fee00fff] reserved
[    0.000000] BIOS-e820: [mem 0x00000000fffc0000-0x00000000ffffffff] reserved
[    0.000000] NX (Execute Disable) protection: active
[    0.000000] SMBIOS 2.5 present.
[    0.000000] DMI: innotek GmbH VirtualBox/VirtualBox, BIOS VirtualBox 12/01/2006
[    0.000000] Hypervisor detected: KVM
[    0.000000] e820: last_pfn = 0x3fff0 max_arch_pfn = 0x400000000
[    0.000000] MTRR: Disabled
[    0.000000] x86/PAT: MTRRs disabled, skipping PAT initialization too.
[    0.000000] CPU MTRRs all blank - virtualized system.
[    0.000000] x86/PAT: Configuration [0-7]: WB  WT  UC- UC  WB  WT  UC- UC  
[    0.000000] Scanning 1 areas for low memory corruption
[    0.000000] RAMDISK: [mem 0x35a6d000-0x36d2dfff]
[    0.000000] ACPI: Early table checksum verification disabled
[    0.000000] ACPI: RSDP 0x00000000000E0000 000024 (v02 VBOX  )
[    0.000000] ACPI: XSDT 0x000000003FFF0030 00003C (v01 VBOX   VBOXXSDT 00000001 ASL  00000061)
[    0.000000] ACPI: FACP 0x000000003FFF00F0 0000F4 (v04 VBOX   VBOXFACP 00000001 ASL  00000061)
[    0.000000] ACPI: DSDT 0x000000003FFF0470 0022EA (v02 VBOX   VBOXBIOS 00000002 INTL 20181213)
[    0.000000] ACPI: FACS 0x000000003FFF0200 000040
[    0.000000] ACPI: FACS 0x000000003FFF0200 000040
[    0.000000] ACPI: APIC 0x000000003FFF0240 00005C (v02 VBOX   VBOXAPIC 00000001 ASL  00000061)
[    0.000000] ACPI: SSDT 0x000000003FFF02A0 0001CC (v01 VBOX   VBOXCPUT 00000002 INTL 20181213)
[    0.000000] No NUMA configuration found
[    0.000000] Faking a node at [mem 0x0000000000000000-0x000000003ffeffff]
[    0.000000] NODE_DATA(0) allocated [mem 0x3ffc5000-0x3ffeffff]
[    0.000000] kvm-clock: cpu 0, msr 0:3ff44001, primary cpu clock
[    0.000000] kvm-clock: Using msrs 4b564d01 and 4b564d00
[    0.000000] kvm-clock: using sched offset of 497361152185 cycles
[    0.000000] clocksource: kvm-clock: mask: 0xffffffffffffffff max_cycles: 0x1cd42e4dffb, max_idle_ns: 881590591483 ns
[    0.000000] Zone ranges:
[    0.000000]   DMA      [mem 0x0000000000001000-0x0000000000ffffff]
[    0.000000]   DMA32    [mem 0x0000000001000000-0x000000003ffeffff]
[    0.000000]   Normal   empty
[    0.000000]   Device   empty
[    0.000000] Movable zone start for each node
[    0.000000] Early memory node ranges
[    0.000000]   node   0: [mem 0x0000000000001000-0x000000000009efff]
[    0.000000]   node   0: [mem 0x0000000000100000-0x000000003ffeffff]
[    0.000000] Reserved but unavailable: 98 pages
[    0.000000] Initmem setup node 0 [mem 0x0000000000001000-0x000000003ffeffff]
[    0.000000] ACPI: PM-Timer IO Port: 0x4008
[    0.000000] IOAPIC[0]: apic_id 2, version 32, address 0xfec00000, GSI 0-23
[    0.000000] ACPI: INT_SRC_OVR (bus 0 bus_irq 0 global_irq 2 dfl dfl)
[    0.000000] ACPI: INT_SRC_OVR (bus 0 bus_irq 9 global_irq 9 low level)
[    0.000000] Using ACPI (MADT) for SMP configuration information
[    0.000000] smpboot: Allowing 2 CPUs, 0 hotplug CPUs
[    0.000000] PM: Registered nosave memory: [mem 0x00000000-0x00000fff]
[    0.000000] PM: Registered nosave memory: [mem 0x0009f000-0x0009ffff]
[    0.000000] PM: Registered nosave memory: [mem 0x000a0000-0x000effff]
[    0.000000] PM: Registered nosave memory: [mem 0x000f0000-0x000fffff]
[    0.000000] e820: [mem 0x40000000-0xfebfffff] available for PCI devices
[    0.000000] Booting paravirtualized kernel on KVM
[    0.000000] clocksource: refined-jiffies: mask: 0xffffffff max_cycles: 0xffffffff, max_idle_ns: 7645519600211568 ns
[    0.000000] random: get_random_bytes called from start_kernel+0x99/0x4fd with crng_init=0
[    0.000000] setup_percpu: NR_CPUS:8192 nr_cpumask_bits:2 nr_cpu_ids:2 nr_node_ids:1
[    0.000000] percpu: Embedded 45 pages/cpu s147456 r8192 d28672 u1048576
[    0.000000] PV qspinlock hash table entries: 256 (order: 0, 4096 bytes)
[    0.000000] Built 1 zonelists, mobility grouping on.  Total pages: 257913
[    0.000000] Policy zone: DMA32
[    0.000000] Kernel command line: BOOT_IMAGE=/boot/vmlinuz-4.15.0-72-generic root=LABEL=cloudimg-rootfs ro console=tty1 console=ttyS0
[    0.000000] Memory: 983392K/1048120K available (12300K kernel code, 2481K rwdata, 4264K rodata, 2428K init, 2388K bss, 64728K reserved, 0K cma-reserved)
[    0.000000] SLUB: HWalign=64, Order=0-3, MinObjects=0, CPUs=2, Nodes=1
[    0.000000] Kernel/User page tables isolation: enabled
[    0.000000] ftrace: allocating 39318 entries in 154 pages
[    0.004000] Hierarchical RCU implementation.
[    0.004000] 	RCU restricting CPUs from NR_CPUS=8192 to nr_cpu_ids=2.
[    0.004000] 	Tasks RCU enabled.
[    0.004000] RCU: Adjusting geometry for rcu_fanout_leaf=16, nr_cpu_ids=2
[    0.004000] NR_IRQS: 524544, nr_irqs: 440, preallocated irqs: 16
[    0.004000] Console: colour VGA+ 80x25
[    0.004000] console [tty1] enabled
[    0.004000] console [ttyS0] enabled
[    0.004000] ACPI: Core revision 20170831
[    0.004000] ACPI: 2 ACPI AML tables successfully acquired and loaded
[    0.004000] APIC: Switch to symmetric I/O mode setup
[    0.004000] x2apic enabled
[    0.004000] Switched APIC routing to physical x2apic.
[    0.004000] ..TIMER: vector=0x30 apic1=0 pin1=2 apic2=-1 pin2=-1
[    0.004006] tsc: Detected 2294.792 MHz processor
[    0.004934] Calibrating delay loop (skipped) preset value.. 4589.58 BogoMIPS (lpj=9179168)
[    0.005567] pid_max: default: 32768 minimum: 301
[    0.008036] Security Framework initialized
[    0.008889] Yama: becoming mindful.
[    0.009614] AppArmor: AppArmor initialized
[    0.010880] Dentry cache hash table entries: 131072 (order: 8, 1048576 bytes)
[    0.012101] Inode-cache hash table entries: 65536 (order: 7, 524288 bytes)
[    0.013381] Mount-cache hash table entries: 2048 (order: 2, 16384 bytes)
[    0.014619] Mountpoint-cache hash table entries: 2048 (order: 2, 16384 bytes)
[    0.016327] Last level iTLB entries: 4KB 512, 2MB 8, 4MB 8
[    0.017369] Last level dTLB entries: 4KB 512, 2MB 32, 4MB 32, 1GB 0
[    0.018530] Spectre V1 : Mitigation: usercopy/swapgs barriers and __user pointer sanitization
[    0.020004] Spectre V2 : Mitigation: Full generic retpoline
[    0.021083] Spectre V2 : Spectre v2 / SpectreRSB mitigation: Filling RSB on context switch
[    0.022643] Speculative Store Bypass: Vulnerable
[    0.024064] MDS: Vulnerable: Clear CPU buffers attempted, no microcode
[    0.025498] Freeing SMP alternatives memory: 36K
[    0.137997] smpboot: CPU0: Intel(R) Core(TM) i5-3427U CPU @ 1.80GHz (family: 0x6, model: 0x3a, stepping: 0x9)
[    0.140000] Performance Events: unsupported p6 CPU model 58 no PMU driver, software events only.
[    0.140000] Hierarchical SRCU implementation.
[    0.140684] NMI watchdog: Perf event create on CPU 0 failed with -2
[    0.141859] NMI watchdog: Perf NMI watchdog permanently disabled
[    0.143066] smp: Bringing up secondary CPUs ...
[    0.144121] x86: Booting SMP configuration:
[    0.144951] .... node  #0, CPUs:      #1
[    0.004000] kvm-clock: cpu 1, msr 0:3ff44041, secondary cpu clock
[    0.148045] smp: Brought up 1 node, 2 CPUs
[    0.148841] smpboot: Max logical packages: 1
[    0.149712] smpboot: Total of 2 processors activated (9179.16 BogoMIPS)
[    0.152169] devtmpfs: initialized
[    0.152796] x86/mm: Memory block size: 128MB
[    0.153847] evm: security.selinux
[    0.154532] evm: security.SMACK64
[    0.156004] evm: security.SMACK64EXEC
[    0.156743] evm: security.SMACK64TRANSMUTE
[    0.157580] evm: security.SMACK64MMAP
[    0.158317] evm: security.apparmor
[    0.159028] evm: security.ima
[    0.159644] evm: security.capability
[    0.160152] clocksource: jiffies: mask: 0xffffffff max_cycles: 0xffffffff, max_idle_ns: 7645041785100000 ns
[    0.161881] futex hash table entries: 512 (order: 3, 32768 bytes)
[    0.164030] pinctrl core: initialized pinctrl subsystem
[    0.165197] RTC time: 20:07:31, date: 12/27/19
[    0.166315] NET: Registered protocol family 16
[    0.168042] audit: initializing netlink subsys (disabled)
[    0.169112] audit: type=2000 audit(1577477750.779:1): state=initialized audit_enabled=0 res=1
[    0.169112] cpuidle: using governor ladder
[    0.172021] cpuidle: using governor menu
[    0.172857] ACPI: bus type PCI registered
[    0.173674] acpiphp: ACPI Hot Plug PCI Controller Driver version: 0.5
[    0.175008] PCI: Using configuration type 1 for base access
[    0.177232] HugeTLB registered 2.00 MiB page size, pre-allocated 0 pages
[    0.177359] ACPI: Added _OSI(Module Device)
[    0.180013] ACPI: Added _OSI(Processor Device)
[    0.180921] ACPI: Added _OSI(3.0 _SCP Extensions)
[    0.181830] ACPI: Added _OSI(Processor Aggregator Device)
[    0.182882] ACPI: Added _OSI(Linux-Dell-Video)
[    0.184005] ACPI: Added _OSI(Linux-Lenovo-NV-HDMI-Audio)
[    0.185118] ACPI: Added _OSI(Linux-HPI-Hybrid-Graphics)
[    0.186486] ACPI: Executed 1 blocks of module-level executable AML code
[    0.192588] ACPI: Interpreter enabled
[    0.193349] ACPI: (supports S0 S5)
[    0.194068] ACPI: Using IOAPIC for interrupt routing
[    0.195335] PCI: Using host bridge windows from ACPI; if necessary, use "pci=nocrs" and report a bug
[    0.196197] ACPI: Enabled 2 GPEs in block 00 to 07
[    0.205697] ACPI: PCI Root Bridge [PCI0] (domain 0000 [bus 00-ff])
[    0.206913] acpi PNP0A03:00: _OSC: OS supports [ASPM ClockPM Segments MSI]
[    0.208643] acpi PNP0A03:00: _OSC: not requesting OS control; OS requires [ExtendedConfig ASPM ClockPM MSI]
[    0.210514] acpi PNP0A03:00: fail to add MMCONFIG information, can't access extended PCI configuration space under this bridge.
[    0.212423] PCI host bridge to bus 0000:00
[    0.213264] pci_bus 0000:00: root bus resource [io  0x0000-0x0cf7 window]
[    0.214536] pci_bus 0000:00: root bus resource [io  0x0d00-0xffff window]
[    0.216006] pci_bus 0000:00: root bus resource [mem 0x000a0000-0x000bffff window]
[    0.217464] pci_bus 0000:00: root bus resource [mem 0x40000000-0xfdffffff window]
[    0.220000] pci_bus 0000:00: root bus resource [bus 00-ff]
[    0.225642] pci 0000:00:01.1: legacy IDE quirk: reg 0x10: [io  0x01f0-0x01f7]
[    0.226994] pci 0000:00:01.1: legacy IDE quirk: reg 0x14: [io  0x03f6]
[    0.228004] pci 0000:00:01.1: legacy IDE quirk: reg 0x18: [io  0x0170-0x0177]
[    0.229321] pci 0000:00:01.1: legacy IDE quirk: reg 0x1c: [io  0x0376]
[    0.254574] pci 0000:00:07.0: quirk: [io  0x4000-0x403f] claimed by PIIX4 ACPI
[    0.256024] pci 0000:00:07.0: quirk: [io  0x4100-0x410f] claimed by PIIX4 SMB
[    0.270985] ACPI: PCI Interrupt Link [LNKA] (IRQs 5 9 10 *11)
[    0.272405] ACPI: PCI Interrupt Link [LNKB] (IRQs 5 9 *10 11)
[    0.273685] ACPI: PCI Interrupt Link [LNKC] (IRQs 5 *9 10 11)
[    0.274967] ACPI: PCI Interrupt Link [LNKD] (IRQs 5 9 10 *11)
[    0.276528] SCSI subsystem initialized
[    0.277395] pci 0000:00:02.0: vgaarb: setting as boot VGA device
[    0.277395] pci 0000:00:02.0: vgaarb: VGA device added: decodes=io+mem,owns=io+mem,locks=none
[    0.280018] pci 0000:00:02.0: vgaarb: bridge control possible
[    0.281140] vgaarb: loaded
[    0.281775] ACPI: bus type USB registered
[    0.282610] usbcore: registered new interface driver usbfs
[    0.284027] usbcore: registered new interface driver hub
[    0.285074] usbcore: registered new device driver usb
[    0.286184] EDAC MC: Ver: 3.0.0
[    0.286184] PCI: Using ACPI for IRQ routing
[    0.288364] NetLabel: Initializing
[    0.289076] NetLabel:  domain hash size = 128
[    0.289969] NetLabel:  protocols = UNLABELED CIPSOv4 CALIPSO
[    0.291049] NetLabel:  unlabeled traffic allowed by default
[    0.292117] clocksource: Switched to clocksource kvm-clock
[    0.305860] VFS: Disk quotas dquot_6.6.0
[    0.306735] VFS: Dquot-cache hash table entries: 512 (order 0, 4096 bytes)
[    0.308186] AppArmor: AppArmor Filesystem Enabled
[    0.309165] pnp: PnP ACPI init
[    0.311044] pnp: PnP ACPI: found 3 devices
[    0.323282] clocksource: acpi_pm: mask: 0xffffff max_cycles: 0xffffff, max_idle_ns: 2085701024 ns
[    0.325077] NET: Registered protocol family 2
[    0.326235] TCP established hash table entries: 8192 (order: 4, 65536 bytes)
[    0.327587] TCP bind hash table entries: 8192 (order: 5, 131072 bytes)
[    0.329177] TCP: Hash tables configured (established 8192 bind 8192)
[    0.330403] UDP hash table entries: 512 (order: 2, 16384 bytes)
[    0.331520] UDP-Lite hash table entries: 512 (order: 2, 16384 bytes)
[    0.332767] NET: Registered protocol family 1
[    0.333660] pci 0000:00:00.0: Limiting direct PCI/PCI transfers
[    0.334791] pci 0000:00:01.0: Activating ISA DMA hang workarounds
[    0.335973] pci 0000:00:02.0: Video device with shadowed ROM at [mem 0x000c0000-0x000dffff]
[    0.337721] Unpacking initramfs...
[    0.613485] Freeing initrd memory: 19204K
[    0.614499] clocksource: tsc: mask: 0xffffffffffffffff max_cycles: 0x2113fd805f3, max_idle_ns: 440795270480 ns
[    0.616452] platform rtc_cmos: registered platform RTC device (no PNP device found)
[    0.617997] Scanning for low memory corruption every 60 seconds
[    0.619956] Initialise system trusted keyrings
[    0.620910] Key type blacklist registered
[    0.622104] workingset: timestamp_bits=36 max_order=18 bucket_order=0
[    0.625687] zbud: loaded
[    0.629436] squashfs: version 4.0 (2009/01/31) Phillip Lougher
[    0.630996] fuse init (API version 7.26)
[    0.634833] Key type asymmetric registered
[    0.635654] Asymmetric key parser 'x509' registered
[    0.636725] Block layer SCSI generic (bsg) driver version 0.4 loaded (major 246)
[    0.638366] io scheduler noop registered
[    0.639152] io scheduler deadline registered
[    0.640070] io scheduler cfq registered (default)
[    0.641427] ACPI: AC Adapter [AC] (on-line)
[    0.642317] input: Power Button as /devices/LNXSYSTM:00/LNXPWRBN:00/input/input0
[    0.643804] ACPI: Power Button [PWRF]
[    0.644711] input: Sleep Button as /devices/LNXSYSTM:00/LNXSLPBN:00/input/input1
[    0.646452] ACPI: Sleep Button [SLPF]
[    0.648714] ACPI: Battery Slot [BAT0] (battery present)
[    0.649966] Serial: 8250/16550 driver, 32 ports, IRQ sharing enabled
[    0.672460] 00:02: ttyS0 at I/O 0x3f8 (irq = 4, base_baud = 115200) is a 16550A
[    0.677977] Linux agpgart interface v0.103
[    0.680999] loop: module loaded
[    0.682559] scsi host0: ata_piix
[    0.683609] scsi host1: ata_piix
[    0.684529] ata1: PATA max UDMA/33 cmd 0x1f0 ctl 0x3f6 bmdma 0xd000 irq 14
[    0.686197] ata2: PATA max UDMA/33 cmd 0x170 ctl 0x376 bmdma 0xd008 irq 15
[    0.688189] libphy: Fixed MDIO Bus: probed
[    0.689257] tun: Universal TUN/TAP device driver, 1.6
[    0.690629] PPP generic driver version 2.4.2
[    0.691860] ehci_hcd: USB 2.0 'Enhanced' Host Controller (EHCI) Driver
[    0.693510] ehci-pci: EHCI PCI platform driver
[    0.694613] ehci-platform: EHCI generic platform driver
[    0.695881] ohci_hcd: USB 1.1 'Open' Host Controller (OHCI) Driver
[    0.697453] ohci-pci: OHCI PCI platform driver
[    0.699946] ohci-platform: OHCI generic platform driver
[    0.701589] uhci_hcd: USB Universal Host Controller Interface driver
[    0.703140] i8042: PNP: PS/2 Controller [PNP0303:PS2K,PNP0f03:PS2M] at 0x60,0x64 irq 1,12
[    0.705762] serio: i8042 KBD port at 0x60,0x64 irq 1
[    0.706981] serio: i8042 AUX port at 0x60,0x64 irq 12
[    0.708602] mousedev: PS/2 mouse device common for all mice
[    0.710994] input: AT Translated Set 2 keyboard as /devices/platform/i8042/serio0/input/input2
[    0.713437] rtc_cmos rtc_cmos: rtc core: registered rtc_cmos as rtc0
[    0.715122] rtc_cmos rtc_cmos: alarms up to one day, 114 bytes nvram
[    0.716730] i2c /dev entries driver
[    0.717760] device-mapper: uevent: version 1.0.3
[    0.719072] device-mapper: ioctl: 4.37.0-ioctl (2017-09-20) initialised: dm-devel@redhat.com
[    0.721398] ledtrig-cpu: registered to indicate activity on CPUs
[    0.723462] NET: Registered protocol family 10
[    0.734319] Segment Routing with IPv6
[    0.735342] NET: Registered protocol family 17
[    0.736662] Key type dns_resolver registered
[    0.738452] mce: Using 0 MCE banks
[    0.739534] RAS: Correctable Errors collector initialized.
[    0.741352] sched_clock: Marking stable (741299970, 0)->(922993319, -181693349)
[    0.745272] registered taskstats version 1
[    0.749395] Loading compiled-in X.509 certificates
[    0.755753] Loaded X.509 cert 'Build time autogenerated kernel key: f4f7241365689b0cbe3898188e65e316fd8f978d'
[    0.758336] zswap: loaded using pool lzo/zbud
[    0.767108] Key type big_key registered
[    0.768153] Key type trusted registered
[    0.772682] Key type encrypted registered
[    0.773763] AppArmor: AppArmor sha1 policy hashing enabled
[    0.775154] ima: No TPM chip found, activating TPM-bypass! (rc=-19)
[    0.776723] ima: Allocated hash algorithm: sha1
[    0.777867] evm: HMAC attrs: 0x1
[    0.778978]   Magic number: 15:254:145
[    0.779906] ata_port ata2: hash matches
[    0.780907]  ata2: hash matches
[    0.783115] rtc_cmos rtc_cmos: setting system clock to 2019-12-27 20:07:32 UTC (1577477252)
[    0.785980] BIOS EDD facility v0.16 2004-Jun-25, 0 devices found
[    0.787393] EDD information not available.
[    0.855258] Freeing unused kernel image memory: 2428K
[    0.864191] Write protecting the kernel read-only data: 20480k
[    0.866485] Freeing unused kernel image memory: 2008K
[    0.868133] Freeing unused kernel image memory: 1880K
[    0.877319] x86/mm: Checked W+X mappings: passed, no W+X pages found.
[    0.878811] x86/mm: Checking user space page tables
[    0.887503] x86/mm: Checked W+X mappings: passed, no W+X pages found.
Loading, please wait...
starting version 237
[    0.987203] e1000: Intel(R) PRO/1000 Network Driver - version 7.3.21-k8-NAPI
[    0.989072] e1000: Copyright (c) 1999-2006 Intel Corporation.
[    0.994344] Fusion MPT base driver 3.04.20
[    0.995444] Copyright (c) 1999-2008 LSI Corporation
[    1.024162] AVX version of gcm_enc/dec engaged.
[    1.026153] AES CTR mode by8 optimization enabled
[    1.045205] Fusion MPT SPI Host driver 3.04.20
[    1.208978] input: ImExPS/2 Generic Explorer Mouse as /devices/platform/i8042/serio1/input/input4
[    1.415359] e1000 0000:00:03.0 eth0: (PCI:33MHz:32-bit) 02:b7:1f:33:e9:24
[    1.417196] e1000 0000:00:03.0 eth0: Intel(R) PRO/1000 Network Connection
[    1.828723] e1000 0000:00:08.0 eth1: (PCI:33MHz:32-bit) 08:00:27:8b:1a:32
[    1.830413] e1000 0000:00:08.0 eth1: Intel(R) PRO/1000 Network Connection
[    1.833836] e1000 0000:00:03.0 enp0s3: renamed from eth0
[    1.836124] mptbase: ioc0: Initiating bringup
[    1.848704] e1000 0000:00:08.0 enp0s8: renamed from eth1
[    2.036448] ioc0: LSI53C1030 A0: Capabilities={Initiator}
[    3.021557] scsi host2: ioc0: LSI53C1030 A0, FwRev=00000000h, Ports=1, MaxQ=256, IRQ=20
[    3.716877] scsi 2:0:0:0: Direct-Access     VBOX     HARDDISK         1.0  PQ: 0 ANSI: 5
[    3.755971] scsi target2:0:0: Beginning Domain Validation
[    3.762569] scsi target2:0:0: Domain Validation skipping write tests
[    3.766130] scsi target2:0:0: Ending Domain Validation
[    3.769208] scsi target2:0:0: asynchronous
[    3.770516] scsi 2:0:1:0: Direct-Access     VBOX     HARDDISK         1.0  PQ: 0 ANSI: 5
[    4.146438] scsi target2:0:1: Beginning Domain Validation
[    4.148813] random: fast init done
[    4.149836] scsi target2:0:1: Domain Validation skipping write tests
[    4.151064] scsi target2:0:1: Ending Domain Validation
[    4.152158] scsi target2:0:1: asynchronous
[    4.157542] random: systemd-udevd: uninitialized urandom read (16 bytes read)
[    4.159000] random: systemd-udevd: uninitialized urandom read (16 bytes read)
[    4.160322] random: systemd-udevd: uninitialized urandom read (16 bytes read)
[    4.162870] sd 2:0:0:0: [sda] 20971520 512-byte logical blocks: (10.7 GB/10.0 GiB)
[    4.162977] sd 2:0:0:0: Attached scsi generic sg0 type 0
[    4.166108] sd 2:0:0:0: [sda] Write Protect is off
[    4.166455] sd 2:0:1:0: Attached scsi generic sg1 type 0
[    4.170254] sd 2:0:1:0: [sdb] 20480 512-byte logical blocks: (10.5 MB/10.0 MiB)
[    4.171932] sd 2:0:1:0: [sdb] Write Protect is off
[    4.173158] sd 2:0:1:0: [sdb] Incomplete mode parameter data
[    4.175073] sd 2:0:1:0: [sdb] Assuming drive cache: write through
[    4.176247] sd 2:0:0:0: [sda] Incomplete mode parameter data
[    4.177556] sd 2:0:0:0: [sda] Assuming drive cache: write through
[    4.181947]  sda: sda1
[    4.183642] sd 2:0:1:0: [sdb] Attached SCSI disk
[    4.184423] sd 2:0:0:0: [sda] Attached SCSI disk
Begin: Loading essential drivers ... [    5.725800] raid6: sse2x1   gen()  9025 MB/s
[    5.775813] raid6: sse2x1   xor()  6036 MB/s
[    5.824487] raid6: sse2x2   gen()  9533 MB/s
[    5.875792] raid6: sse2x2   xor()  6784 MB/s
[    5.925821] raid6: sse2x4   gen() 11263 MB/s
[    5.975885] raid6: sse2x4   xor()  8120 MB/s
[    5.976849] raid6: using algorithm sse2x4 gen() 11263 MB/s
[    5.977921] raid6: .... xor() 8120 MB/s, rmw enabled
[    5.978875] raid6: using ssse3x2 recovery algorithm
[    5.982559] xor: automatically using best checksumming function   avx       
[    5.987395] async_tx: api initialized (async)
done.
Begin: Running /scripts/init-premount ... done.
Begin: Mounting root file system ... Begin: Running /scripts/local-top ... done.
Begin: Running /scripts/local-premount ... [    6.050463] Btrfs loaded, crc32c=crc32c-intel
Scanning for Btrfs filesystems
done.
Warning: fsck not present, so skipping root file system
[    6.111204] EXT4-fs (sda1): INFO: recovery required on readonly filesystem
[    6.113508] EXT4-fs (sda1): write access will be enabled during recovery
[    6.211063] EXT4-fs (sda1): recovery complete
[    6.212661] EXT4-fs (sda1): mounted filesystem with ordered data mode. Opts: (null)
done.
Begin: Running /scripts/local-bottom ... done.
Begin: Running /scripts/init-bottom ... done.
[    6.465333] ip_tables: (C) 2000-2006 Netfilter Core Team
[    6.476412] systemd[1]: systemd 237 running in system mode. (+PAM +AUDIT +SELINUX +IMA +APPARMOR +SMACK +SYSVINIT +UTMP +LIBCRYPTSETUP +GCRYPT +GNUTLS +ACL +XZ +LZ4 +SECCOMP +BLKID +ELFUTILS +KMOD -IDN2 +IDN -PCRE2 default-hierarchy=hybrid)
[    6.481713] systemd[1]: Detected virtualization oracle.
[    6.482970] systemd[1]: Detected architecture x86-64.

Welcome to [1mUbuntu 18.04.3 LTS[0m!

[    6.490172] systemd[1]: Set hostname to <ubuntu-bionic>.
[    6.870573] systemd[1]: Created slice System Slice.
[[0;32m  OK  [0m] Created slice System Slice.
[    6.886272] systemd[1]: Listening on udev Control Socket.
[[0;32m  OK  [0m] Listening on udev Control Socket.
[    6.889258] systemd[1]: Reached target User and Group Name Lookups.
[[0;32m  OK  [0m] Reached target User and Group Name Lookups.
[    6.893270] systemd[1]: Listening on Network Service Netlink Socket.
[[0;32m  OK  [0m] Listening on Network Service Netlink Socket.
[    6.897532] systemd[1]: Set up automount Arbitrary Executable File Formats File System Automount Point.
[[0;32m  OK  [0m] Set up automount Arbitrary Executab…rmats File System Automount Point.
[    6.901810] systemd[1]: Listening on udev Kernel Socket.
[[0;32m  OK  [0m] Listening on udev Kernel Socket.
[[0;32m  OK  [0m] Listening on Device-mapper event daemon FIFOs.
[[0;32m  OK  [0m] Listening on Journal Socket (/dev/log).
[[0;32m  OK  [0m] Listening on LVM2 metadata daemon socket.
[[0;32m  OK  [0m] Listening on /dev/initctl Compatibility Named Pipe.
[[0;32m  OK  [0m] Listening on LVM2 poll daemon socket.
[[0;32m  OK  [0m] Listening on Syslog Socket.
[[0;32m  OK  [0m] Listening on Journal Socket.
         Mounting Kernel Debug File System...
         Starting Set the console keyboard layout...
         Starting Remount Root and Kernel File Systems...
         Starting Monitoring of LVM2 mirrors…ng dmeventd or progress polling...
[[0;32m  OK  [0m] Created slice system-serial\x2dgetty.slice.
[[0;32m  OK  [0m] Started Forward Password Requests to Wall Directory Watch.
         Mounting POSIX Message Queue File System...
         Starting Load Kernel Modules...
         Mounting Huge Pages File System...
         Starting udev Coldplug all Devices...
[[0;32m  OK  [0m] Reached target System Time Synchronized.
[[0;32m  OK  [0m] Reached target Swap.
         Starting Create list of required st…ce nodes for the current kernel...
[[0;32m  OK  [0m] Listening on Journal Audit Socket.
[    7.043385] EXT4-fs (sda1): re-mounted. Opts: (null)
         Starting Journal Service...
         Starting Uncomplicated firewall...
[[0;32m  OK  [0m] Created slice User and Session Slice.
[[0;32m  OK  [0m] Reached target Slices.
[[0;32m  OK  [0m] Mounted Kernel Debug File System.
[[0;32m  OK  [0m] Mounted POSIX Message Queue File System.
[[0;32m  OK  [0m] Mounted Huge Pages File System.
[[0;32m  OK  [0m] Started Remount Root and Kernel File Systems.
[[0;32m  OK  [0m] Started Create list of required sta…vice nodes for the current kernel.
         Starting Create Static Device Nodes in /dev...
         Starting Load/Save Random Seed...
[    7.083805] Loading iSCSI transport class v2.0-870.
[[0;32m  OK  [0m] Started LVM2 metadata daemon.
[[0;32m  OK  [0m] Started Uncomplicated firewall.
[[0;32m  OK  [0m] Started Create Static Device Nodes in /dev.
[[0;32m  OK  [0m] Started Load/Save Random Seed.
         Starting udev Kernel Device Manager...
[    7.145875] iscsi: registered transport (tcp)
[[0;32m  OK  [0m] Started udev Coldplug all Devices.
[[0;32m  OK  [0m] Started Journal Service.
         Starting Flush Journal to Persistent Storage...
[[0;32m  OK  [0m] Started udev Kernel Device Manager.
[[0;32m  OK  [0m] Started Monitoring of LVM2 mirrors,…sing dmeventd or progress polling.
[[0;32m  OK  [0m] Started Set the console keyboard layout.
[[0;32m  OK  [0m] Started Dispatch Password Requests to Console Directory Watch.
[[0;32m  OK  [0m] Reached target Local Encrypted Volumes.
[[0;32m  OK  [0m] Reached target Local File Systems (Pre).
[[0;32m  OK  [0m] Reached target Local File Systems.
         Starting Tell Plymouth To Write Out Runtime Data...
         Starting ebtables ruleset management...
         Starting AppArmor initialization...
         Starting Set console font and keymap...
[    7.290683] systemd-journald[397]: Received request to flush runtime journal from PID 1
[[0;32m  OK  [0m] Started Tell Plymouth To Write Out Runtime Data.
[    7.299280] iscsi: registered transport (iser)
[[0;32m  OK  [0m] Started Load Kernel Modules.
         Mounting FUSE Control File System...
         Starting Apply Kernel Variables...
         Mounting Kernel Configuration File System...
[[0;32m  OK  [0m] Started Set console font and keymap.
[[0;32m  OK  [0m] Mounted FUSE Control File System.
[[0;32m  OK  [0m] Mounted Kernel Configuration File System.
[[0;32m  OK  [0m] Started Apply Kernel Variables.
[[0;32m  OK  [0m] Started ebtables ruleset management.
[[0;32m  OK  [0m] Started Flush Journal to Persistent Storage.
         Starting Create Volatile Files and Directories...
[[0;32m  OK  [0m] Started Create Volatile Files and Directories.
         Starting Update UTMP about System Boot/Shutdown...
[[0;32m  OK  [0m] Started Update UTMP about System Boot/Shutdown.
[[0;32m  OK  [0m] Found device /dev/ttyS0.
[[0;32m  OK  [0m] Listening on Load/Save RF Kill Switch Status /dev/rfkill Watch.
[[0;32m  OK  [0m] Started AppArmor initialization.
         Starting Initial cloud-init job (pre-networking)...
[    9.340132] cloud-init[520]: Cloud-init v. 19.3-41-gc4735dd3-0ubuntu1~18.04.1 running 'init-local' at Fri, 27 Dec 2019 20:07:40 +0000. Up 9.04 seconds.
[[0;32m  OK  [0m] Started Initial cloud-init job (pre-networking).
[[0;32m  OK  [0m] Reached target Network (Pre).
         Starting Network Service...
[[0;32m  OK  [0m] Started Network Service.
         Starting Network Name Resolution...
         Starting Wait for Network to be Configured...
[[0;32m  OK  [0m] Started Network Name Resolution.
[[0;32m  OK  [0m] Reached target Network.
[[0;32m  OK  [0m] Reached target Host and Network Name Lookups.
[[0;32m  OK  [0m] Started Wait for Network to be Configured.
         Starting Initial cloud-init job (metadata service crawler)...
[   12.091812] cloud-init[656]: Cloud-init v. 19.3-41-gc4735dd3-0ubuntu1~18.04.1 running 'init' at Fri, 27 Dec 2019 20:07:43 +0000. Up 11.89 seconds.
[   12.094306] cloud-init[656]: ci-info: +++++++++++++++++++++++++++++++++++++++++++++Net device info+++++++++++++++++++++++++++++++++++++++++++++
[   12.096111] cloud-init[656]: ci-info: +--------+------+------------------------------------------+---------------+--------+-------------------+
[   12.097961] cloud-init[656]: ci-info: | Device |  Up  |                 Address                  |      Mask     | Scope  |     Hw-Address    |
[   12.099821] cloud-init[656]: ci-info: +--------+------+------------------------------------------+---------------+--------+-------------------+
[   12.101554] cloud-init[656]: ci-info: | enp0s3 | True |                10.0.2.15                 | 255.255.255.0 | global | 02:b7:1f:33:e9:24 |
[   12.103376] cloud-init[656]: ci-info: | enp0s3 | True |        fe80::b7:1fff:fe33:e924/64        |       .       |  link  | 02:b7:1f:33:e9:24 |
[   12.105169] cloud-init[656]: ci-info: | enp0s8 | True |               192.168.1.99               | 255.255.255.0 | global | 08:00:27:8b:1a:32 |
[   12.106959] cloud-init[656]: ci-info: | enp0s8 | True | 2001:861:3204:15b0:a00:27ff:fe8b:1a32/64 |       .       | global | 08:00:27:8b:1a:32 |
[   12.109096] cloud-init[656]: ci-info: | enp0s8 | True |       fe80::a00:27ff:fe8b:1a32/64        |       .       |  link  | 08:00:27:8b:1a:32 |
[   12.111001] cloud-init[656]: ci-info: |   lo   | True |                127.0.0.1                 |   255.0.0.0   |  host  |         .         |
[   12.112760] cloud-init[656]: ci-info: |   lo   | True |                 ::1/128                  |       .       |  host  |         .         |
[   12.114653] cloud-init[656]: ci-info: +--------+------+------------------------------------------+---------------+--------+-------------------+
[   12.116500] cloud-init[656]: ci-info: ++++++++++++++++++++++++++++Route IPv4 info+++++++++++++++++++++++++++++
[   12.117940] cloud-init[656]: ci-info: +-------+-------------+----------+-----------------+-----------+-------+
[   12.119720] cloud-init[656]: ci-info: | Route | Destination | Gateway  |     Genmask     | Interface | Flags |
[   12.121267] cloud-init[656]: ci-info: +-------+-------------+----------+-----------------+-----------+-------+
[   12.122890] cloud-init[656]: ci-info: |   0   |   0.0.0.0   | 10.0.2.2 |     0.0.0.0     |   enp0s3  |   UG  |
[   12.124494] cloud-init[656]: ci-info: |   1   |   10.0.2.0  | 0.0.0.0  |  255.255.255.0  |   enp0s3  |   U   |
[   12.128317] cloud-init[656]: ci-info: |   2   |   10.0.2.2  | 0.0.0.0  | 255.255.255.255 |   enp0s3  |   UH  |
[   12.130584] cloud-init[656]: ci-info: |   3   | 192.168.1.0 | 0.0.0.0  |  255.255.255.0  |   enp0s8  |   U   |
[   12.132767] cloud-init[656]: ci-info: +-------+-------------+----------+-----------------+-----------+-------+
[   12.135111] cloud-init[656]: ci-info: ++++++++++++++++++++++++++++++++++Route IPv6 info++++++++++++++++++++++++++++++++++
[   12.137757] cloud-init[656]: ci-info: +-------+-------------------------+---------------------------+-----------+-------+
[   12.140347] cloud-init[656]: ci-info: | Route |       Destination       |          Gateway          | Interface | Flags |
[   12.142817] cloud-init[656]: ci-info: +-------+-------------------------+---------------------------+-----------+-------+
[   12.145699] cloud-init[656]: ci-info: |   1   | 2001:861:3204:15b0::/64 |             ::            |   enp0s8  |   U   |
[   12.148276] cloud-init[656]: ci-info: |   2   |        fe80::/64        |             ::            |   enp0s8  |   U   |
[   12.149789] cloud-init[656]: ci-info: |   3   |        fe80::/64        |             ::            |   enp0s3  |   U   |
[   12.151301] cloud-init[656]: ci-info: |   4   |           ::/0          | fe80::b2b2:8fff:feaa:3fbc |   enp0s8  |   UG  |
[   12.152852] cloud-init[656]: ci-info: |   6   |          local          |             ::            |   enp0s3  |   U   |
[   12.154373] cloud-init[656]: ci-info: |   7   |          local          |             ::            |   enp0s8  |   U   |
[   12.155927] cloud-init[656]: ci-info: |   8   |         ff00::/8        |             ::            |   enp0s8  |   U   |
[   12.168288] cloud-init[656]: ci-info: |   9   |         ff00::/8        |             ::            |   enp0s3  |   U   |
[   12.169957] cloud-init[656]: ci-info: +-------+-------------------------+---------------------------+-----------+-------+
[[0;32m  OK  [0m] Started Initial cloud-init job (metadata service crawler).
[[0;32m  OK  [0m] Reached target System Initialization.
         Starting Socket activation for snappy daemon.
[[0;32m  OK  [0m] Listening on UUID daemon activation socket.
[[0;32m  OK  [0m] Listening on Open-iSCSI iscsid Socket.
[[0;32m  OK  [0m] Listening on D-Bus System Message Bus Socket.
         Starting LXD - unix socket.
[[0;32m  OK  [0m] Listening on ACPID Listen Socket.
[[0;32m  OK  [0m] Started Daily Cleanup of Temporary Directories.
         Starting Docker Socket for the API.
[[0;32m  OK  [0m] Started Message of the Day.
[[0;32m  OK  [0m] Started ACPI Events Check.
[[0;32m  OK  [0m] Reached target Paths.
[[0;32m  OK  [0m] Started Discard unused blocks once a week.
[[0;32m  OK  [0m] Started Daily apt download activities.
[[0;32m  OK  [0m] Started Daily apt upgrade and clean activities.
[[0;32m  OK  [0m] Reached target Timers.
[[0;32m  OK  [0m] Reached target Network is Online.
[[0;32m  OK  [0m] Reached target Remote File Systems (Pre).
[[0;32m  OK  [0m] Reached target Remote File Systems.
         Starting Availability of block devices...
[[0;32m  OK  [0m] Reached target Cloud-config availability.
[[0;32m  OK  [0m] Listening on Socket activation for snappy daemon.
[[0;32m  OK  [0m] Listening on LXD - unix socket.
[[0;32m  OK  [0m] Listening on Docker Socket for the API.
[[0;32m  OK  [0m] Reached target Sockets.
[[0;32m  OK  [0m] Reached target Basic System.
         Starting Dispatcher daemon for systemd-networkd...
         Starting Snappy daemon...
         Starting System Logging Service...
[[0;32m  OK  [0m] Started D-Bus System Message Bus.
         Starting LSB: Record successful boot for GRUB...
[[0;32m  OK  [0m] Started irqbalance daemon.
         Starting Virtualbox guest utils...
         Starting LXD - container startup/shutdown...
         Starting containerd container runtime...
[[0;32m  OK  [0m] Started Regular background program processing daemon.
         Starting OpenBSD Secure Shell server...
         Starting Accounts Service...
[[0;32m  OK  [0m] Started Deferred execution scheduler.
         Starting Permit User Sessions...
[[0;32m  OK  [0m] Started FUSE filesystem for LXC.
         Starting LSB: automatic crash report generation...
         Starting Login Service...
[[0;32m  OK  [0m] Started System Logging Service.
[[0;32m  OK  [0m] Started Availability of block devices.
[[0;32m  OK  [0m] Started containerd container runtime.
[[0;32m  OK  [0m] Started Permit User Sessions.
         Starting Terminate Plymouth Boot Screen...
         Starting Hold until boot process finishes up...
         Starting Docker Application Container Engine...
[[0;32m  OK  [0m] Started Hold until boot process finishes up.
[[0;32m  OK  [0m] Started Serial Getty on ttyS0.
         Starting Set console scheme...
[[0;32m  OK  [0m] Started Terminate Plymouth Boot Screen.
[[0;32m  OK  [0m] Started Set console scheme.
[[0;32m  OK  [0m] Created slice system-getty.slice.
[[0;32m  OK  [0m] Started Getty on tty1.
[[0;32m  OK  [0m] Reached target Login Prompts.
[[0;32m  OK  [0m] Started Login Service.
[[0;32m  OK  [0m] Started Unattended Upgrades Shutdown.
[[0;32m  OK  [0m] Started OpenBSD Secure Shell server.
[[0;32m  OK  [0m] Started Dispatcher daemon for systemd-networkd.
[[0;32m  OK  [0m] Started LSB: Record successful boot for GRUB.
[[0;32m  OK  [0m] Started LSB: automatic crash report generation.
         Starting Authorization Manager...
[[0;32m  OK  [0m] Started Virtualbox guest utils.
[[0;32m  OK  [0m] Started Authorization Manager.
[[0;32m  OK  [0m] Started Accounts Service.
[[0;32m  OK  [0m] Started LXD - container startup/shutdown.
[[0;32m  OK  [0m] Started Snappy daemon.
         Starting Wait until snapd is fully seeded...
[[0;32m  OK  [0m] Started Wait until snapd is fully seeded.
         Starting Apply the settings specified in cloud-config...
[   15.078061] cloud-init[1071]: Cloud-init v. 19.3-41-gc4735dd3-0ubuntu1~18.04.1 running 'modules:config' at Fri, 27 Dec 2019 20:07:46 +0000. Up 14.89 seconds.
[[0;32m  OK  [0m] Started Apply the settings specified in cloud-config.
[[0;32m  OK  [0m] Started Docker Application Container Engine.
[[0;32m  OK  [0m] Reached target Multi-User System.
[[0;32m  OK  [0m] Reached target Graphical Interface.
         Starting Update UTMP about System Runlevel Changes...
         Starting Execute cloud user/final scripts...
[[0;32m  OK  [0m] Started Update UTMP about System Runlevel Changes.
[   17.001606] cloud-init[1328]: Cloud-init v. 19.3-41-gc4735dd3-0ubuntu1~18.04.1 running 'modules:final' at Fri, 27 Dec 2019 20:07:48 +0000. Up 16.84 seconds.
[   17.004733] cloud-init[1328]: Cloud-init v. 19.3-41-gc4735dd3-0ubuntu1~18.04.1 finished at Fri, 27 Dec 2019 20:07:48 +0000. Datasource DataSourceNoCloud [seed=/dev/sdb][dsmode=net].  Up 16.99 seconds
[[0;32m  OK  [0m] Started Execute cloud user/final scripts.
[[0;32m  OK  [0m] Reached target Cloud-init target.

Ubuntu 18.04.3 LTS ubuntu-bionic ttyS0

ubuntu-bionic login: 